<?xml version="1.0" encoding="UTF-8"?>
<testsuite name="com.galvanize.annotations.JsonSerializerUnitTest" tests="2" skipped="0" failures="0" errors="0" timestamp="2021-05-04T19:31:13" hostname="Yvonne" time="0.08">
  <properties/>
  <testcase name="givenObjectSerializedThenTrueReturned" classname="com.galvanize.annotations.JsonSerializerUnitTest" time="0.069"/>
  <testcase name="givenObjectNotSerializedThenExceptionThrown" classname="com.galvanize.annotations.JsonSerializerUnitTest" time="0.011"/>
  <system-out><![CDATA[{"personAge":"34","firstName":"Soufiane","lastName":"Cheouati"}
]]></system-out>
  <system-err><![CDATA[]]></system-err>
</testsuite>
